<?xml version="1.0" encoding="UTF-8"?>
<testsuite xmlns:xsi="http://www.w3.org/2001/XMLSchema-instance" xsi:noNamespaceSchemaLocation="https://maven.apache.org/surefire/maven-surefire-plugin/xsd/surefire-test-report.xsd" name="com.yuw.test.TestDriver" time="0.887" tests="5" errors="2" skipped="0" failures="0">
  <properties>
[...]
</properties>
  <testcase name="test01" classname="com.yuw.test.TestDriver" time="0.713"/>
  <testcase name="test02" classname="com.yuw.test.TestDriver" time="0.036">
    <error message="&#10;### Error querying database.  Cause: java.lang.NullPointerException: Can&apos;t add values % , null&#10;### Cause: java.lang.NullPointerException: Can&apos;t add values % , null" type="org.apache.ibatis.exceptions.PersistenceException">org.apache.ibatis.exceptions.PersistenceException: 

### Error querying database.  Cause: java.lang.NullPointerException: Can't add values % , null
### Cause: java.lang.NullPointerException: Can't add values % , null
	at com.yuw.test.TestDriver.test02(TestDriver.java:73)
Caused by: java.lang.NullPointerException: Can't add values % , null
	at com.yuw.test.TestDriver.test02(TestDriver.java:73)
</error>
  </testcase>
  <testcase name="test03" classname="com.yuw.test.TestDriver" time="0.027">
    <error message="Invalid bound statement (not found): com.yuw.dao.UserInfoBeanMapper.selectByPrimaryKey" type="org.apache.ibatis.binding.BindingException">org.apache.ibatis.binding.BindingException: Invalid bound statement (not found): com.yuw.dao.UserInfoBeanMapper.selectByPrimaryKey
	at com.yuw.test.TestDriver.test03(TestDriver.java:96)
</error>
  </testcase>
  <testcase name="test04" classname="com.yuw.test.TestDriver" time="0.043"/>
  <testcase name="test05" classname="com.yuw.test.TestDriver" time="0.03"/>
</testsuite>